; 0.  1: # 1 "44-dot-product.oc"; 0.  0: 
; 0.  1: # 1 "<built-in>"
; 1.  1: # 1 "<command-line>"
; 2.  1: # 1 "44-dot-product.oc"
; 3.  1: 
; 3.  2: 
; 3.  3: # 1 "oclib.h" 1
; 4.  1: # 22 "oclib.h"
; 5. 22: void fail (string expr, string file, int line);
; 5. 23: 
; 5. 24: void putchr (int chr);
; 5. 25: void putint (int num);
; 5. 26: void putstr (string str);
; 5. 27: 
; 5. 28: int getchr();
; 5. 29: string getstr();
; 5. 30: string getln();
; 5. 31: # 4 "44-dot-product.oc" 2
; 6.  4: 
; 6.  5: int dot_product (int size, array<int> vec1, array<int> vec2) {
; 6.  6:    int index = 0;
; 6.  7:    int dot = 0;
; 6.  8:    while (index < size) {
; 6.  9:       dot = dot + vec1[index] * vec2[index];
; 6. 10:       index = index + 1;
; 6. 11:    }
; 6. 12:    return dot;
; 6. 13: }
; 6. 14: 
; 6. 15: 
; 6. 16: 
; 6. 17: int main() {
; 6. 18:    array<int> vec1 = alloc<array<int>> (10);
; 6. 19:    array<int> vec2 = alloc<array<int>> (10);
; 6. 20:    int index = 0;
; 6. 21:    while (index < 10) {
; 6. 22:       vec1[index] = index + 10;
; 6. 23:       vec2[index] = index * 10;
; 6. 24:       index = index + 1;
; 6. 25:    }
; 6. 26:    putint (dot_product (10, vec1, vec2));
; 6. 27:    putchr ('\n');
; 6. 28:    return 0;
; 6. 29: }
