; 0.  1: # 1 "10-hundred.oc"; 0.  0: 
; 0.  1: # 1 "<built-in>"
; 1.  1: # 1 "<command-line>"
; 2.  1: # 1 "10-hundred.oc"
; 3.  1: 
; 3.  2: 
; 3.  3: # 1 "oclib.h" 1
; 4.  1: # 22 "oclib.h"
; 5. 22: void fail (string expr, string file, int line);
; 5. 23: 
; 5. 24: void putchr (int chr);
; 5. 25: void putint (int num);
; 5. 26: void putstr (string str);
; 5. 27: 
; 5. 28: int getchr();
; 5. 29: string getstr();
; 5. 30: string getln();
; 5. 31: # 4 "10-hundred.oc" 2
; 6.  4: 
; 6.  5: int main() {
; 6.  6:    int count = 0;
; 6.  7:    while (count < 16) {
; 6.  8:       count = count + 1;
; 6.  9:       putint (count);
; 6. 10:       putchr ('\n');
; 6. 11:    }
; 6. 12:    return 0;
; 6. 13: }
