; 0.  1: # 1 "14-ocecho.oc"; 0.  0: 
; 0.  1: # 1 "<built-in>"
; 1.  1: # 1 "<command-line>"
; 2.  1: # 1 "14-ocecho.oc"
; 3.  1: 
; 3.  2: 
; 3.  3: # 1 "oclib.h" 1
; 4.  1: # 22 "oclib.h"
; 5. 22: void fail (string expr, string file, int line);
; 5. 23: 
; 5. 24: void putchr (int chr);
; 5. 25: void putint (int num);
; 5. 26: void putstr (string str);
; 5. 27: 
; 5. 28: int getchr();
; 5. 29: string getstr();
; 5. 30: string getln();
; 5. 31: # 4 "14-ocecho.oc" 2
; 6.  4: 
; 6.  5: int main(int argc, array<string> argv) {
; 6.  6:    int argi = 1;
; 6.  7:    while (argi < argc) {
; 6.  8:       if (argi > 1) putchr (' ');
; 6.  9:       putstr (argv[argi]);
; 6. 10:       argi = argi + 1;
; 6. 11:    }
; 6. 12:    putstr ("\n");
; 6. 13:    return 0;
; 6. 14: }
