; 0.  1: # 1 "21-eratosthenes.oc"; 0.  0: 
; 0.  1: # 1 "<built-in>"
; 1.  1: # 1 "<command-line>"
; 2.  1: # 1 "21-eratosthenes.oc"
; 3.  1: 
; 3.  2: 
; 3.  3: # 1 "oclib.h" 1
; 4.  1: # 22 "oclib.h"
; 5. 22: void fail (string expr, string file, int line);
; 5. 23: 
; 5. 24: void putchr (int chr);
; 5. 25: void putint (int num);
; 5. 26: void putstr (string str);
; 5. 27: 
; 5. 28: int getchr();
; 5. 29: string getstr();
; 5. 30: string getln();
; 5. 31: # 4 "21-eratosthenes.oc" 2
; 6.  4: 
; 6.  5: 
; 6.  6: 
; 6.  7: 
; 6.  8: int main() {
; 6.  9:    int prime = 2;
; 6. 10:    int index = 2;
; 6. 11:    array<int> sieve = alloc<array<int>>(100);
; 6. 12: 
; 6. 13:    while (index < 100) {
; 6. 14:       sieve[index] = 1;
; 6. 15:       index = index + 1;
; 6. 16:    }
; 6. 17: 
; 6. 18:    while (prime < 100) {
; 6. 19:       if (sieve[prime]) {
; 6. 20:          index = prime * 2;
; 6. 21:          while (index < 100) {
; 6. 22:             sieve[index] = 0;
; 6. 23:             index = index + prime;
; 6. 24:          }
; 6. 25:       }
; 6. 26:       prime = prime + 1;
; 6. 27:    }
; 6. 28: 
; 6. 29:    index = 2;
; 6. 30:    while (index < 100) {
; 6. 31:       if (sieve[index]) {
; 6. 32:          putint (index);
; 6. 33:          putchr ('\n');
; 6. 34:       }
; 6. 35:       index = index + 1;
; 6. 36:    }
; 6. 37: 
; 6. 38:    return 0;
; 6. 39: }
