; 0.  1: # 1 "42-viiiqueens.oc"; 0.  0: 
; 0.  1: # 1 "<built-in>"
; 1.  1: # 1 "<command-line>"
; 2.  1: # 1 "42-viiiqueens.oc"
; 3.  1: 
; 3.  2: 
; 3.  3: # 1 "oclib.h" 1
; 4.  1: # 22 "oclib.h"
; 5. 22: void fail (string expr, string file, int line);
; 5. 23: 
; 5. 24: void putchr (int chr);
; 5. 25: void putint (int num);
; 5. 26: void putstr (string str);
; 5. 27: 
; 5. 28: int getchr();
; 5. 29: string getstr();
; 5. 30: string getln();
; 5. 31: # 4 "42-viiiqueens.oc" 2
; 6.  4: 
; 6.  5: 
; 6.  6: array<int> board = nullptr;
; 6.  7: 
; 6.  8: int is_safe (int newcol) {
; 6.  9:    int col = 0;
; 6. 10:    int diagonal = 0;
; 6. 11:    while (col < newcol) {
; 6. 12:       if (board[col] == board[newcol]) return 0;
; 6. 13:       diagonal = board[col] - board[newcol];
; 6. 14:       if (diagonal == col - newcol) return 0;
; 6. 15:       if (diagonal == newcol - col) return 0;
; 6. 16:       col = col + 1;
; 6. 17:    }
; 6. 18:    return 1;
; 6. 19: }
; 6. 20: 
; 6. 21: void printqueens() {
; 6. 22:    int col = 0;
; 6. 23:    while (col < 8) {
; 6. 24:       putchr (board[col] + '1');
; 6. 25:       col = col + 1;
; 6. 26:    }
; 6. 27:    putchr ('\n');
; 6. 28: }
; 6. 29: 
; 6. 30: void queens (int newcol) {
; 6. 31:    int row = 0;
; 6. 32:    if (newcol == 8) printqueens();
; 6. 33:    else {
; 6. 34:       while (row < 8) {
; 6. 35:          board[newcol] = row;
; 6. 36:          if (is_safe (newcol)) queens (newcol + 1);
; 6. 37:          row = row + 1;
; 6. 38:       }
; 6. 39:    }
; 6. 40: }
; 6. 41: 
; 6. 42: int main() {
; 6. 43:    board = alloc<array<int>> (8);
; 6. 44:    queens (0);
; 6. 45:    return 0;
; 6. 46: }
