; 0.  1: # 1 "53-insertionsort.oc"; 0.  0: 
; 0.  1: # 1 "<built-in>"
; 1.  1: # 1 "<command-line>"
; 2.  1: # 1 "53-insertionsort.oc"
; 3.  1: 
; 3.  2: 
; 3.  3: 
; 3.  4: 
; 3.  5: 
; 3.  6: # 1 "oclib.h" 1
; 4.  1: # 22 "oclib.h"
; 5. 22: void fail (string expr, string file, int line);
; 5. 23: 
; 5. 24: void putchr (int chr);
; 5. 25: void putint (int num);
; 5. 26: void putstr (string str);
; 5. 27: 
; 5. 28: int getchr();
; 5. 29: string getstr();
; 5. 30: string getln();
; 5. 31: # 7 "53-insertionsort.oc" 2
; 6.  7: 
; 6.  8: int strcmp (string s1, string s2) {
; 6.  9:    int index = 0;
; 6. 10:    int contin = 1;
; 6. 11:    int s1c = 0;
; 6. 12:    int s2c = 0;
; 6. 13:    int cmp = 0;
; 6. 14:    while (contin) {
; 6. 15:       s1c = s1[index];
; 6. 16:       s2c = s2[index];
; 6. 17:       cmp = s1c - s2c;
; 6. 18:       if (cmp != 0) return cmp;
; 6. 19:       if (s1c == '\0') contin = 0;
; 6. 20:       if (s2c == '\0') contin = 0;
; 6. 21:       index = index + 1;
; 6. 22:    }
; 6. 23:    return 0;
; 6. 24: }
; 6. 25: 
; 6. 26: void insertion_sort (int size, array<string> array) {
; 6. 27:    int sorted = 1;
; 6. 28:    int slot = 0;
; 6. 29:    string element = nullptr;
; 6. 30:    int contin = 0;
; 6. 31:    while (sorted < size) {
; 6. 32:       slot = sorted;
; 6. 33:       element = array[slot];
; 6. 34:       contin = 1;
; 6. 35:       while (contin) {
; 6. 36:          if (slot == 0) {
; 6. 37:             contin = 0;
; 6. 38:          }else if (strcmp (array[slot - 1], element) <= 0) {
; 6. 39:             contin = 0;
; 6. 40:          }else {
; 6. 41:             array[slot] = array[slot - 1];
; 6. 42:             slot = slot - 1;
; 6. 43:          }
; 6. 44:       }
; 6. 45:       array[slot] = element;
; 6. 46:       sorted = sorted + 1;
; 6. 47:    }
; 6. 48: }
; 6. 49: 
; 6. 50: 
; 6. 51: void print_array (int size, array<string> array) {
; 6. 52:    int index = 0;
; 6. 53:    while (index < size) {
; 6. 54:       putstr (array[index]);
; 6. 55:       putchr ('\n');
; 6. 56:       index = index + 1;
; 6. 57:    }
; 6. 58: }
; 6. 59: 
; 6. 60: int read_words (int size, array<string> words) {
; 6. 61:    int count = 0;
; 6. 62:    string word = nullptr;
; 6. 63:    while (1) {
; 6. 64:       if (count == size) return count;
; 6. 65:       word = getstr();
; 6. 66:       if (word == nullptr) return count;
; 6. 67:       words[count] = word;
; 6. 68:       count = count + 1;
; 6. 69:    }
; 6. 70: }
; 6. 71: 
; 6. 72: int main() {
; 6. 73:    int count = 100;
; 6. 74:    array<string> words = alloc<array<string>>(count);
; 6. 75:    count = read_words (count, words);
; 6. 76:    insertion_sort (count, words);
; 6. 77:    print_array (count, words);
; 6. 78:    return 0;
; 6. 79: }
