; 0.  1: # 1 "12-elseif.oc"; 0.  0: 
; 0.  1: # 1 "<built-in>"
; 1.  1: # 1 "<command-line>"
; 2.  1: # 1 "12-elseif.oc"
; 3.  1: 
; 3.  2: 
; 3.  3: # 1 "oclib.h" 1
; 4.  1: # 22 "oclib.h"
; 5. 22: void fail (string expr, string file, int line);
; 5. 23: 
; 5. 24: void putchr (int chr);
; 5. 25: void putint (int num);
; 5. 26: void putstr (string str);
; 5. 27: 
; 5. 28: int getchr();
; 5. 29: string getstr();
; 5. 30: string getln();
; 5. 31: # 4 "12-elseif.oc" 2
; 6.  4: 
; 6.  5: int main (int argc) {
; 6.  6:    if (argc == 1) putstr ("one");
; 6.  7:    else if (argc == 2) putstr ("two");
; 6.  8:    else if (argc == 3) putstr ("three");
; 6.  9:    else putstr ("many");
; 6. 10:    putchr ('\n');
; 6. 11:    return 0;
; 6. 12: }
