; 0.  1: # 1 "13-macros.oc"; 0.  0: 
; 0.  1: # 1 "<built-in>"
; 1.  1: # 1 "<command-line>"
; 2.  1: # 1 "13-macros.oc"
; 3.  1: 
; 3.  2: 
; 3.  3: # 1 "oclib.h" 1
; 4.  1: # 22 "oclib.h"
; 5. 22: void fail (string expr, string file, int line);
; 5. 23: 
; 5. 24: void putchr (int chr);
; 5. 25: void putint (int num);
; 5. 26: void putstr (string str);
; 5. 27: 
; 5. 28: int getchr();
; 5. 29: string getstr();
; 5. 30: string getln();
; 5. 31: # 4 "13-macros.oc" 2
; 6.  4: 
; 6.  5: int main (int argc, array<string> argv) {
; 6.  6:    putstr (argv[0]);
; 6.  7:    putstr (": ");
; 6.  8:    putstr ("13-macros.oc");
; 6.  9:    putchr ('[');
; 6. 10:    putint (10);
; 6. 11:    putstr ("] compiled ");
; 6. 12:    putstr ("May 13 2019");
; 6. 13:    putstr (" ");
; 6. 14:    putstr ("17:48:12");
; 6. 15:    putstr ("\n");
; 6. 16:    return 0;
; 6. 17: }
