; 0.  1: # 1 "30-fac-fnloop.oc"; 0.  0: 
; 0.  1: # 1 "<built-in>"
; 1.  1: # 1 "<command-line>"
; 2.  1: # 1 "30-fac-fnloop.oc"
; 3.  1: 
; 3.  2: 
; 3.  3: 
; 3.  4: 
; 3.  5: 
; 3.  6: # 1 "oclib.h" 1
; 4.  1: # 22 "oclib.h"
; 5. 22: void fail (string expr, string file, int line);
; 5. 23: 
; 5. 24: void putchr (int chr);
; 5. 25: void putint (int num);
; 5. 26: void putstr (string str);
; 5. 27: 
; 5. 28: int getchr();
; 5. 29: string getstr();
; 5. 30: string getln();
; 5. 31: # 7 "30-fac-fnloop.oc" 2
; 6.  7: 
; 6.  8: int fac (int n) {
; 6.  9:    int f = 1;
; 6. 10:    while (n > 1) {
; 6. 11:       f = f * n;
; 6. 12:       n = n - 1;
; 6. 13:    }
; 6. 14:    return f;
; 6. 15: }
; 6. 16: 
; 6. 17: int main() {
; 6. 18:    int n = 1;
; 6. 19:    while (n <= 5) {
; 6. 20:       putint (fac (n));
; 6. 21:       putchr ('\n');
; 6. 22:       n = n + 1;
; 6. 23:    }
; 6. 24:    return 0;
; 6. 25: }
