; 0.  1: # 1 "31-fib-2supn.oc"; 0.  0: 
; 0.  1: # 1 "<built-in>"
; 1.  1: # 1 "<command-line>"
; 2.  1: # 1 "31-fib-2supn.oc"
; 3.  1: 
; 3.  2: 
; 3.  3: 
; 3.  4: 
; 3.  5: 
; 3.  6: # 1 "oclib.h" 1
; 4.  1: # 22 "oclib.h"
; 5. 22: void fail (string expr, string file, int line);
; 5. 23: 
; 5. 24: void putchr (int chr);
; 5. 25: void putint (int num);
; 5. 26: void putstr (string str);
; 5. 27: 
; 5. 28: int getchr();
; 5. 29: string getstr();
; 5. 30: string getln();
; 5. 31: # 7 "31-fib-2supn.oc" 2
; 6.  7: 
; 6.  8: int fibonacci (int n) {
; 6.  9:    if (n < 2) return n;
; 6. 10:    return fibonacci (n - 1) + fibonacci (n - 2);
; 6. 11: }
; 6. 12: 
; 6. 13: int main() {
; 6. 14:    int n = 0;
; 6. 15:    while (n < 10) {
; 6. 16:       putstr ("fibonacci(");
; 6. 17:       putint (n);
; 6. 18:       putstr (") = ");
; 6. 19:       putint (fibonacci (n));
; 6. 20:       putchr ('\n');
; 6. 21:       n = n + 1;
; 6. 22:    }
; 6. 23:    return 0;
; 6. 24: }
