; 0.  1: # 1 "33-collatz.oc"; 0.  0: 
; 0.  1: # 1 "<built-in>"
; 1.  1: # 1 "<command-line>"
; 2.  1: # 1 "33-collatz.oc"
; 3.  1: 
; 3.  2: 
; 3.  3: 
; 3.  4: 
; 3.  5: 
; 3.  6: 
; 3.  7: # 1 "oclib.h" 1
; 4.  1: # 22 "oclib.h"
; 5. 22: void fail (string expr, string file, int line);
; 5. 23: 
; 5. 24: void putchr (int chr);
; 5. 25: void putint (int num);
; 5. 26: void putstr (string str);
; 5. 27: 
; 5. 28: int getchr();
; 5. 29: string getstr();
; 5. 30: string getln();
; 5. 31: # 8 "33-collatz.oc" 2
; 6.  8: 
; 6.  9: int collatz (int n) {
; 6. 10:    int c = 0;
; 6. 11:    while (n != 1) {
; 6. 12:       c = c + 1;
; 6. 13:       if (n % 2 == 1) n = 3 * n + 1;
; 6. 14:                  else n = n / 2;
; 6. 15:    }
; 6. 16:    return c;
; 6. 17: }
; 6. 18: 
; 6. 19: void test (int n) {
; 6. 20:    int c = collatz (n);
; 6. 21:    putstr ("collatz(");
; 6. 22:    putint (n);
; 6. 23:    putstr (") = ");
; 6. 24:    putint (c);
; 6. 25:    putchr ('\n');
; 6. 26: }
; 6. 27: 
; 6. 28: int main() {
; 6. 29:    test (3);
; 6. 30:    test (50);
; 6. 31:    return 0;
; 6. 32: }
