; 0.  1: # 1 "41-linkedstack.oc"; 0.  0: 
; 0.  1: # 1 "<built-in>"
; 1.  1: # 1 "<command-line>"
; 2.  1: # 1 "41-linkedstack.oc"
; 3.  1: 
; 3.  2: 
; 3.  3: # 1 "oclib.h" 1
; 4.  1: # 22 "oclib.h"
; 5. 22: void fail (string expr, string file, int line);
; 5. 23: 
; 5. 24: void putchr (int chr);
; 5. 25: void putint (int num);
; 5. 26: void putstr (string str);
; 5. 27: 
; 5. 28: int getchr();
; 5. 29: string getstr();
; 5. 30: string getln();
; 5. 31: # 4 "41-linkedstack.oc" 2
; 6.  4: 
; 6.  5: struct node {
; 6.  6:    string data;
; 6.  7:    ptr <struct node> link;
; 6.  8: };
; 6.  9: 
; 6. 10: struct stack {
; 6. 11:    ptr <struct node> top;
; 6. 12: };
; 6. 13: 
; 6. 14: int empty (ptr<struct stack> stack) {
; 6. 15:    {if (not (stack != nullptr)) fail ("stack != nullptr", "41-linkedstack.oc", 15);};
; 6. 16:    return stack->top == nullptr;
; 6. 17: }
; 6. 18: 
; 6. 19: ptr<struct stack> new_stack() {
; 6. 20:    ptr<struct stack> stack = alloc<struct stack>();
; 6. 21:    stack->top = nullptr;
; 6. 22:    return stack;
; 6. 23: }
; 6. 24: 
; 6. 25: void push (ptr<struct stack> stack, string str) {
; 6. 26:    ptr <struct node> tmp = alloc<struct node>();
; 6. 27:    {if (not (stack != nullptr)) fail ("stack != nullptr", "41-linkedstack.oc", 27);};
; 6. 28:    tmp->data = str;
; 6. 29:    tmp->link = stack->top;
; 6. 30:    stack->top = tmp;
; 6. 31: }
; 6. 32: 
; 6. 33: string pop (ptr<struct stack> stack) {
; 6. 34:    string tmp = stack->top->data;
; 6. 35:    {if (not (stack != nullptr)) fail ("stack != nullptr", "41-linkedstack.oc", 35);};
; 6. 36:    {if (not (not empty (stack))) fail ("not empty (stack)", "41-linkedstack.oc", 36);};
; 6. 37:    stack->top = stack->top->link;
; 6. 38:    return tmp;
; 6. 39: }
; 6. 40: 
; 6. 41: int main (int argc, array<string> argv) {
; 6. 42:    int argi = 0;
; 6. 43:    ptr<struct stack> stack = new_stack();
; 6. 44:    while (argi < argc) {
; 6. 45:       push (stack, argv[argi]);
; 6. 46:       argi = argi + 1;
; 6. 47:    }
; 6. 48:    while (not empty (stack)) {
; 6. 49:       putstr (pop (stack));
; 6. 50:       putchr ('\n');
; 6. 51:    }
; 6. 52:    return 0;
; 6. 53: }
