; 0.  1: # 1 "95-cobol.oc"; 0.  0: 
; 0.  1: # 1 "<built-in>"
; 1.  1: # 1 "<command-line>"
; 2.  1: # 1 "95-cobol.oc"
; 3.  1: 
; 3.  2: 
; 3.  3: 000100 IDENTIFICATION DIVISION.
; 3.  4: 000200 PROGRAM-ID. HELLOWORLD.
; 3.  5: 000300
; 3.  6: 000400*
; 3.  7: 000500 ENVIRONMENT DIVISION.
; 3.  8: 000600 CONFIGURATION SECTION.
; 3.  9: 000700 SOURCE-COMPUTER. RM-COBOL.
; 3. 10: 000800 OBJECT-COMPUTER. RM-COBOL.
; 3. 11: 000900
; 3. 12: 001000 DATA DIVISION.
; 3. 13: 001100 FILE SECTION.
; 3. 14: 001200
; 3. 15: 100000 PROCEDURE DIVISION.
; 3. 16: 100100
; 3. 17: 100200 MAIN-LOGIC SECTION.
; 3. 18: 100300 BEGIN.
; 3. 19: 100400 DISPLAY " " LINE 1 POSITION 1 ERASE EOS.
; 3. 20: 100500 DISPLAY "Hello world!" LINE 15 POSITION 10.
; 3. 21: 100600 STOP RUN.
; 3. 22: 100700 MAIN-LOGIC-EXIT.
; 3. 23: 100800 EXIT.
