Done processing asg2.cpp
Done processing asg2.h
Done processing asg3.cpp
Done processing asg3.h
Done processing astree.cpp
Done processing astree.h
Done processing auxlib.cpp
Done processing auxlib.h
Done processing lyutils.cpp
Done processing lyutils.h
Done processing main.cpp
Ignoring oclib.c; not a valid file name (cc, h, cpp, cu, cuh)
Done processing oclib.c
Done processing oclib.h
Done processing octypes.h
Ignoring parser.tab.c; not a valid file name (cc, h, cpp, cu, cuh)
Done processing parser.tab.c
Done processing string_set.cpp
Done processing string_set.h
Done processing wm-main.cpp
