; 0.  1: # 1 "07-assert.oc"; 0.  0: 
; 0.  1: # 1 "<built-in>"
; 1.  1: # 1 "<command-line>"
; 2.  1: # 1 "07-assert.oc"
; 3.  1: 
; 3.  2: 
; 3.  3: # 1 "oclib.h" 1
; 4.  1: # 22 "oclib.h"
; 5. 22: void fail (string expr, string file, int line);
; 5. 23: 
; 5. 24: void putchr (int chr);
; 5. 25: void putint (int num);
; 5. 26: void putstr (string str);
; 5. 27: 
; 5. 28: int getchr();
; 5. 29: string getstr();
; 5. 30: string getln();
; 5. 31: # 4 "07-assert.oc" 2
; 6.  4: 
; 6.  5: int main() {
; 6.  6:    {if (not ("nullptr" == nullptr)) fail ("\"nullptr\" == nullptr", "07-assert.oc", 6);};
; 6.  7:    return 1;
; 6.  8: }
