; 0.  1: # 1 "20-fib-array.oc"; 0.  0: 
; 0.  1: # 1 "<built-in>"
; 1.  1: # 1 "<command-line>"
; 2.  1: # 1 "20-fib-array.oc"
; 3.  1: 
; 3.  2: 
; 3.  3: 
; 3.  4: 
; 3.  5: 
; 3.  6: # 1 "oclib.h" 1
; 4.  1: # 22 "oclib.h"
; 5. 22: void fail (string expr, string file, int line);
; 5. 23: 
; 5. 24: void putchr (int chr);
; 5. 25: void putint (int num);
; 5. 26: void putstr (string str);
; 5. 27: 
; 5. 28: int getchr();
; 5. 29: string getstr();
; 5. 30: string getln();
; 5. 31: # 7 "20-fib-array.oc" 2
; 6.  7: 
; 6.  8: 
; 6.  9: 
; 6. 10: int main() {
; 6. 11:    array<int> fibonacci = alloc<array<int>> (30);
; 6. 12:    fibonacci[0] = 0;
; 6. 13:    fibonacci[1] = 1;
; 6. 14:    int index = 2;
; 6. 15:    while (index < 30) {
; 6. 16:       fibonacci[index] = fibonacci[index - 1] + fibonacci[index - 2];
; 6. 17:       index = index + 1;
; 6. 18:    }
; 6. 19:    index = 0;
; 6. 20:    putstr ("Numeri di figlio Bonacci\n");
; 6. 21:    while (index < 30) {
; 6. 22:       putstr ("fibonacci[");
; 6. 23:       putint (index);
; 6. 24:       putstr ("] = ");
; 6. 25:       putint (fibonacci[index]);
; 6. 26:       putchr ('\n');
; 6. 27:       index = index + 1;
; 6. 28:    }
; 6. 29:    return 0;
; 6. 30: }
