; 0.  1: # 1 "23-atoi.oc"; 0.  0: 
; 0.  1: # 1 "<built-in>"
; 1.  1: # 1 "<command-line>"
; 2.  1: # 1 "23-atoi.oc"
; 3.  1: 
; 3.  2: 
; 3.  3: # 1 "oclib.h" 1
; 4.  1: # 22 "oclib.h"
; 5. 22: void fail (string expr, string file, int line);
; 5. 23: 
; 5. 24: void putchr (int chr);
; 5. 25: void putint (int num);
; 5. 26: void putstr (string str);
; 5. 27: 
; 5. 28: int getchr();
; 5. 29: string getstr();
; 5. 30: string getln();
; 5. 31: # 4 "23-atoi.oc" 2
; 6.  4: 
; 6.  5: int atoi (string str) {
; 6.  6:    int neg = 0;
; 6.  7:    int num = 0;
; 6.  8:    int digit = 0;
; 6.  9:    {if (not (str != nullptr)) fail ("str != nullptr", "23-atoi.oc", 9);};
; 6. 10:    if (str[0] != '\0') {
; 6. 11:       if (str[0] == '-') {
; 6. 12:          digit = digit + 1;
; 6. 13:          neg = 1;
; 6. 14:       }
; 6. 15:       int contin = 1;
; 6. 16:       while (contin) {
; 6. 17:          if (str[digit] == '\0') {
; 6. 18:             contin = 0;
; 6. 19:          }else {
; 6. 20:             int chr = str[digit];
; 6. 21:             digit = digit + 1;
; 6. 22:             if (chr < '0') contin = 0;
; 6. 23:             else if (chr > '9') contin = 0;
; 6. 24:             else num = num * 10 + chr - '0';
; 6. 25:          }
; 6. 26:       }
; 6. 27:       if (neg) num = - num;
; 6. 28:    }
; 6. 29:    return num;
; 6. 30: }
; 6. 31: 
; 6. 32: int main (int argc, array<string> argv) {
; 6. 33:    int argi = 1;
; 6. 34:    string arg = nullptr;
; 6. 35:    while (argi < argc) {
; 6. 36:       arg = argv[argi];
; 6. 37:       putstr (arg);
; 6. 38:       putstr (" = ");
; 6. 39:       putint (atoi (arg));
; 6. 40:       putchr ('\n');
; 6. 41:       argi = argi + 1;
; 6. 42:    }
; 6. 43:    return 0;
; 6. 44: }
